<?xml version="1.0" encoding="UTF-8"?>
<testsuite xmlns:xsi="http://www.w3.org/2001/XMLSchema-instance" xsi:noNamespaceSchemaLocation="https://maven.apache.org/surefire/maven-surefire-plugin/xsd/surefire-test-report-3.0.xsd" version="3.0" name="com.ddcsoftware.customer.CustomerRepositoryTest" time="2.656" tests="4" errors="0" skipped="0" failures="0">
  <properties>
[...]
</properties>
  <testcase name="existsCustomerById" classname="com.ddcsoftware.customer.CustomerRepositoryTest" time="0.1">
    <system-out><![CDATA[08:47:03.077 [main] INFO tc.postgres:latest -- Creating container for image: postgres:latest
08:47:03.096 [main] INFO tc.postgres:latest -- Container postgres:latest is starting: 6f481b60cff84bd075eab3e089a7b9a5f2c8e217dc95cef54517ea119125966f
08:47:03.866 [main] INFO tc.postgres:latest -- Container postgres:latest started in PT0.788731S
08:47:03.867 [main] INFO tc.postgres:latest -- Container is started (JDBC URL: jdbc:postgresql://localhost:54446/ddc-dao-unit-test?loggerLevel=OFF)
08:47:03.914 [main] INFO org.springframework.test.context.support.AnnotationConfigContextLoaderUtils -- Could not detect default configuration classes for test class [com.ddcsoftware.customer.CustomerRepositoryTest]: CustomerRepositoryTest does not declare any static, non-private, non-final, nested classes annotated with @Configuration.
08:47:03.980 [main] INFO org.springframework.boot.test.context.SpringBootTestContextBootstrapper -- Found @SpringBootConfiguration com.ddcsoftware.Main for test class com.ddcsoftware.customer.CustomerRepositoryTest
08:47:04.002 [main] INFO org.flywaydb.core.FlywayExecutor -- Database: jdbc:postgresql://localhost:54446/ddc-dao-unit-test (PostgreSQL 16.0)
08:47:04.007 [main] WARN org.flywaydb.core.internal.database.base.Database -- Flyway upgrade recommended: PostgreSQL 16.0 is newer than this version of Flyway and support has not been tested. The latest supported version of PostgreSQL is 15.
08:47:04.011 [main] INFO org.flywaydb.core.internal.schemahistory.JdbcTableSchemaHistory -- Schema history table "public"."flyway_schema_history" does not exist yet
08:47:04.012 [main] INFO org.flywaydb.core.internal.command.DbValidate -- Successfully validated 2 migrations (execution time 00:00.003s)
08:47:04.019 [main] INFO org.flywaydb.core.internal.schemahistory.JdbcTableSchemaHistory -- Creating Schema History table "public"."flyway_schema_history" ...
08:47:04.043 [main] INFO org.flywaydb.core.internal.command.DbMigrate -- Current version of schema "public": << Empty Schema >>
08:47:04.046 [main] INFO org.flywaydb.core.internal.command.DbMigrate -- Migrating schema "public" to version "1 - Initial Version"
08:47:04.059 [main] INFO org.flywaydb.core.internal.command.DbMigrate -- Migrating schema "public" to version "2 - Customer Column Email UniqueVal"
08:47:04.067 [main] INFO org.flywaydb.core.internal.command.DbMigrate -- Successfully applied 2 migrations to schema "public", now at version v2 (execution time 00:00.007s)

  .   ____          _            __ _ _
 /\\ / ___'_ __ _ _(_)_ __  __ _ \ \ \ \
( ( )\___ | '_ | '_| | '_ \/ _` | \ \ \ \
 \\/  ___)| |_)| | | | | || (_| |  ) ) ) )
  '  |____| .__|_| |_|_| |_\__, | / / / /
 =========|_|==============|___/=/_/_/_/
 :: Spring Boot ::                (v3.2.0)

2023-12-28T08:47:04.248+01:00  INFO 14778 --- [           main] c.d.customer.CustomerRepositoryTest      : Starting CustomerRepositoryTest using Java 21.0.1 with PID 14778 (started by diegodemarco in /Users/diegodemarco/Documents/Portfolio/spring-app)
2023-12-28T08:47:04.249+01:00  INFO 14778 --- [           main] c.d.customer.CustomerRepositoryTest      : No active profile set, falling back to 1 default profile: "default"
2023-12-28T08:47:04.423+01:00  INFO 14778 --- [           main] .s.d.r.c.RepositoryConfigurationDelegate : Multiple Spring Data modules found, entering strict repository configuration mode
2023-12-28T08:47:04.424+01:00  INFO 14778 --- [           main] .s.d.r.c.RepositoryConfigurationDelegate : Bootstrapping Spring Data JPA repositories in DEFAULT mode.
2023-12-28T08:47:04.497+01:00  INFO 14778 --- [           main] .s.d.r.c.RepositoryConfigurationDelegate : Finished Spring Data repository scanning in 69 ms. Found 1 JPA repository interface.
2023-12-28T08:47:04.632+01:00  INFO 14778 --- [           main] com.zaxxer.hikari.HikariDataSource       : HikariPool-9 - Starting...
2023-12-28T08:47:04.654+01:00  INFO 14778 --- [           main] com.zaxxer.hikari.pool.HikariPool        : HikariPool-9 - Added connection org.postgresql.jdbc.PgConnection@b7b26c6
2023-12-28T08:47:04.654+01:00  INFO 14778 --- [           main] com.zaxxer.hikari.HikariDataSource       : HikariPool-9 - Start completed.
2023-12-28T08:47:04.673+01:00  INFO 14778 --- [           main] org.flywaydb.core.FlywayExecutor         : Database: jdbc:postgresql://localhost:54446/ddc-dao-unit-test (PostgreSQL 16.0)
2023-12-28T08:47:04.682+01:00  WARN 14778 --- [           main] o.f.c.internal.database.base.Database    : Flyway upgrade recommended: PostgreSQL 16.0 is newer than this version of Flyway and support has not been tested. The latest supported version of PostgreSQL is 15.
2023-12-28T08:47:04.687+01:00  INFO 14778 --- [           main] o.f.core.internal.command.DbValidate     : Successfully validated 2 migrations (execution time 00:00.004s)
2023-12-28T08:47:04.700+01:00  INFO 14778 --- [           main] o.f.core.internal.command.DbMigrate      : Current version of schema "public": 2
2023-12-28T08:47:04.700+01:00  INFO 14778 --- [           main] o.f.core.internal.command.DbMigrate      : Schema "public" is up to date. No migration necessary.
2023-12-28T08:47:04.747+01:00  INFO 14778 --- [           main] o.hibernate.jpa.internal.util.LogHelper  : HHH000204: Processing PersistenceUnitInfo [name: default]
2023-12-28T08:47:04.772+01:00  INFO 14778 --- [           main] org.hibernate.Version                    : HHH000412: Hibernate ORM core version 6.3.1.Final
2023-12-28T08:47:04.787+01:00  INFO 14778 --- [           main] o.h.c.internal.RegionFactoryInitiator    : HHH000026: Second-level cache disabled
2023-12-28T08:47:04.832+01:00  INFO 14778 --- [           main] o.s.o.j.p.SpringPersistenceUnitInfo      : No LoadTimeWeaver setup: ignoring JPA class transformer
2023-12-28T08:47:05.165+01:00  INFO 14778 --- [           main] o.h.e.t.j.p.i.JtaPlatformInitiator       : HHH000489: No JTA platform available (set 'hibernate.transaction.jta.platform' to enable JTA platform integration)
2023-12-28T08:47:05.202+01:00  INFO 14778 --- [           main] j.LocalContainerEntityManagerFactoryBean : Initialized JPA EntityManagerFactory for persistence unit 'default'
2023-12-28T08:47:05.383+01:00  INFO 14778 --- [           main] c.d.customer.CustomerRepositoryTest      : Started CustomerRepositoryTest in 1.294 seconds (process running for 6.559)
Hibernate: 
    select
        nextval('customer_id_seq')
Hibernate: 
    insert 
    into
        customer
        (age, email, name, id) 
    values
        (?, ?, ?, ?)
Hibernate: 
    select
        c1_0.id,
        c1_0.age,
        c1_0.email,
        c1_0.name 
    from
        customer c1_0
Hibernate: 
    select
        nextval('customer_id_seq')
Hibernate: 
    insert 
    into
        customer
        (age, email, name, id) 
    values
        (?, ?, ?, ?)
Hibernate: 
    delete 
    from
        customer 
    where
        id=?
Hibernate: 
    select
        c1_0.id,
        c1_0.age,
        c1_0.email,
        c1_0.name 
    from
        customer c1_0
Hibernate: 
    select
        c1_0.id 
    from
        customer c1_0 
    where
        c1_0.id=? 
    fetch
        first ? rows only
]]></system-out>
  </testcase>
  <testcase name="existsCustomerByIdWhenNonPresent" classname="com.ddcsoftware.customer.CustomerRepositoryTest" time="0.01">
    <system-out><![CDATA[Hibernate: 
    select
        c1_0.id,
        c1_0.age,
        c1_0.email,
        c1_0.name 
    from
        customer c1_0
Hibernate: 
    delete 
    from
        customer 
    where
        id=?
Hibernate: 
    select
        c1_0.id 
    from
        customer c1_0 
    where
        c1_0.id=? 
    fetch
        first ? rows only
]]></system-out>
  </testcase>
  <testcase name="existsCustomerByEmailWhenNonPresent" classname="com.ddcsoftware.customer.CustomerRepositoryTest" time="0.011">
    <system-out><![CDATA[Hibernate: 
    select
        c1_0.id,
        c1_0.age,
        c1_0.email,
        c1_0.name 
    from
        customer c1_0
Hibernate: 
    delete 
    from
        customer 
    where
        id=?
Hibernate: 
    select
        c1_0.id 
    from
        customer c1_0 
    where
        c1_0.email=? 
    fetch
        first ? rows only
]]></system-out>
  </testcase>
  <testcase name="existsCustomerByEmail" classname="com.ddcsoftware.customer.CustomerRepositoryTest" time="0.025">
    <system-out><![CDATA[Hibernate: 
    select
        c1_0.id,
        c1_0.age,
        c1_0.email,
        c1_0.name 
    from
        customer c1_0
Hibernate: 
    select
        nextval('customer_id_seq')
Hibernate: 
    insert 
    into
        customer
        (age, email, name, id) 
    values
        (?, ?, ?, ?)
Hibernate: 
    delete 
    from
        customer 
    where
        id=?
Hibernate: 
    select
        c1_0.id 
    from
        customer c1_0 
    where
        c1_0.email=? 
    fetch
        first ? rows only
]]></system-out>
  </testcase>
</testsuite>