<?xml version="1.0" encoding="UTF-8"?>
<testsuite xmlns:xsi="http://www.w3.org/2001/XMLSchema-instance" xsi:noNamespaceSchemaLocation="https://maven.apache.org/surefire/maven-surefire-plugin/xsd/surefire-test-report-3.0.xsd" version="3.0" name="com.ddcsoftware.customer.CustomerRepositoryTest" time="2.573" tests="4" errors="0" skipped="0" failures="0">
  <properties>
[...]
</properties>
  <testcase name="existsCustomerById" classname="com.ddcsoftware.customer.CustomerRepositoryTest" time="0.077">
    <system-out><![CDATA[19:22:16.238 [main] INFO tc.postgres:latest -- Creating container for image: postgres:latest
19:22:16.257 [main] INFO tc.postgres:latest -- Container postgres:latest is starting: 595d0f0973fb33c3a124bbe4ac50800bbcbd2f09a9ea3c5993c25f58dc68a665
19:22:17.048 [main] INFO tc.postgres:latest -- Container postgres:latest started in PT0.81019S
19:22:17.049 [main] INFO tc.postgres:latest -- Container is started (JDBC URL: jdbc:postgresql://localhost:52800/ddc-dao-unit-test?loggerLevel=OFF)
19:22:17.090 [main] INFO org.springframework.test.context.support.AnnotationConfigContextLoaderUtils -- Could not detect default configuration classes for test class [com.ddcsoftware.customer.CustomerRepositoryTest]: CustomerRepositoryTest does not declare any static, non-private, non-final, nested classes annotated with @Configuration.
19:22:17.158 [main] INFO org.springframework.boot.test.context.SpringBootTestContextBootstrapper -- Found @SpringBootConfiguration com.ddcsoftware.Main for test class com.ddcsoftware.customer.CustomerRepositoryTest
19:22:17.182 [main] INFO org.flywaydb.core.FlywayExecutor -- Database: jdbc:postgresql://localhost:52800/ddc-dao-unit-test (PostgreSQL 16.0)
19:22:17.186 [main] WARN org.flywaydb.core.internal.database.base.Database -- Flyway upgrade recommended: PostgreSQL 16.0 is newer than this version of Flyway and support has not been tested. The latest supported version of PostgreSQL is 15.
19:22:17.191 [main] INFO org.flywaydb.core.internal.schemahistory.JdbcTableSchemaHistory -- Schema history table "public"."flyway_schema_history" does not exist yet
19:22:17.192 [main] INFO org.flywaydb.core.internal.command.DbValidate -- Successfully validated 2 migrations (execution time 00:00.003s)
19:22:17.199 [main] INFO org.flywaydb.core.internal.schemahistory.JdbcTableSchemaHistory -- Creating Schema History table "public"."flyway_schema_history" ...
19:22:17.217 [main] INFO org.flywaydb.core.internal.command.DbMigrate -- Current version of schema "public": << Empty Schema >>
19:22:17.220 [main] INFO org.flywaydb.core.internal.command.DbMigrate -- Migrating schema "public" to version "1 - Initial Version"
19:22:17.232 [main] INFO org.flywaydb.core.internal.command.DbMigrate -- Migrating schema "public" to version "2 - Customer Column Email UniqueVal"
19:22:17.241 [main] INFO org.flywaydb.core.internal.command.DbMigrate -- Successfully applied 2 migrations to schema "public", now at version v2 (execution time 00:00.007s)

  .   ____          _            __ _ _
 /\\ / ___'_ __ _ _(_)_ __  __ _ \ \ \ \
( ( )\___ | '_ | '_| | '_ \/ _` | \ \ \ \
 \\/  ___)| |_)| | | | | || (_| |  ) ) ) )
  '  |____| .__|_| |_|_| |_\__, | / / / /
 =========|_|==============|___/=/_/_/_/
 :: Spring Boot ::                (v3.2.0)

2023-12-27T19:22:17.405+01:00  INFO 11747 --- [           main] c.d.customer.CustomerRepositoryTest      : Starting CustomerRepositoryTest using Java 21 with PID 11747 (started by diegodemarco in /Users/diegodemarco/Documents/Portfolio/spring-app)
2023-12-27T19:22:17.405+01:00  INFO 11747 --- [           main] c.d.customer.CustomerRepositoryTest      : No active profile set, falling back to 1 default profile: "default"
2023-12-27T19:22:17.571+01:00  INFO 11747 --- [           main] .s.d.r.c.RepositoryConfigurationDelegate : Multiple Spring Data modules found, entering strict repository configuration mode
2023-12-27T19:22:17.572+01:00  INFO 11747 --- [           main] .s.d.r.c.RepositoryConfigurationDelegate : Bootstrapping Spring Data JPA repositories in DEFAULT mode.
2023-12-27T19:22:17.636+01:00  INFO 11747 --- [           main] .s.d.r.c.RepositoryConfigurationDelegate : Finished Spring Data repository scanning in 61 ms. Found 1 JPA repository interface.
2023-12-27T19:22:17.765+01:00  INFO 11747 --- [           main] com.zaxxer.hikari.HikariDataSource       : HikariPool-9 - Starting...
2023-12-27T19:22:17.789+01:00  INFO 11747 --- [           main] com.zaxxer.hikari.pool.HikariPool        : HikariPool-9 - Added connection org.postgresql.jdbc.PgConnection@4bacabc4
2023-12-27T19:22:17.789+01:00  INFO 11747 --- [           main] com.zaxxer.hikari.HikariDataSource       : HikariPool-9 - Start completed.
2023-12-27T19:22:17.804+01:00  INFO 11747 --- [           main] org.flywaydb.core.FlywayExecutor         : Database: jdbc:postgresql://localhost:52800/ddc-dao-unit-test (PostgreSQL 16.0)
2023-12-27T19:22:17.815+01:00  WARN 11747 --- [           main] o.f.c.internal.database.base.Database    : Flyway upgrade recommended: PostgreSQL 16.0 is newer than this version of Flyway and support has not been tested. The latest supported version of PostgreSQL is 15.
2023-12-27T19:22:17.821+01:00  INFO 11747 --- [           main] o.f.core.internal.command.DbValidate     : Successfully validated 2 migrations (execution time 00:00.004s)
2023-12-27T19:22:17.833+01:00  INFO 11747 --- [           main] o.f.core.internal.command.DbMigrate      : Current version of schema "public": 2
2023-12-27T19:22:17.833+01:00  INFO 11747 --- [           main] o.f.core.internal.command.DbMigrate      : Schema "public" is up to date. No migration necessary.
2023-12-27T19:22:17.875+01:00  INFO 11747 --- [           main] o.hibernate.jpa.internal.util.LogHelper  : HHH000204: Processing PersistenceUnitInfo [name: default]
2023-12-27T19:22:17.904+01:00  INFO 11747 --- [           main] org.hibernate.Version                    : HHH000412: Hibernate ORM core version 6.3.1.Final
2023-12-27T19:22:17.920+01:00  INFO 11747 --- [           main] o.h.c.internal.RegionFactoryInitiator    : HHH000026: Second-level cache disabled
2023-12-27T19:22:17.963+01:00  INFO 11747 --- [           main] o.s.o.j.p.SpringPersistenceUnitInfo      : No LoadTimeWeaver setup: ignoring JPA class transformer
2023-12-27T19:22:18.284+01:00  INFO 11747 --- [           main] o.h.e.t.j.p.i.JtaPlatformInitiator       : HHH000489: No JTA platform available (set 'hibernate.transaction.jta.platform' to enable JTA platform integration)
2023-12-27T19:22:18.314+01:00  INFO 11747 --- [           main] j.LocalContainerEntityManagerFactoryBean : Initialized JPA EntityManagerFactory for persistence unit 'default'
2023-12-27T19:22:18.496+01:00  INFO 11747 --- [           main] c.d.customer.CustomerRepositoryTest      : Started CustomerRepositoryTest in 1.236 seconds (process running for 6.405)
Hibernate: 
    select
        nextval('customer_id_seq')
Hibernate: 
    insert 
    into
        customer
        (age, email, name, id) 
    values
        (?, ?, ?, ?)
Hibernate: 
    select
        c1_0.id,
        c1_0.age,
        c1_0.email,
        c1_0.name 
    from
        customer c1_0
Hibernate: 
    select
        nextval('customer_id_seq')
Hibernate: 
    insert 
    into
        customer
        (age, email, name, id) 
    values
        (?, ?, ?, ?)
Hibernate: 
    delete 
    from
        customer 
    where
        id=?
Hibernate: 
    select
        c1_0.id,
        c1_0.age,
        c1_0.email,
        c1_0.name 
    from
        customer c1_0
Hibernate: 
    select
        c1_0.id 
    from
        customer c1_0 
    where
        c1_0.id=? 
    fetch
        first ? rows only
]]></system-out>
  </testcase>
  <testcase name="existsCustomerByIdWhenNonPresent" classname="com.ddcsoftware.customer.CustomerRepositoryTest" time="0.009">
    <system-out><![CDATA[Hibernate: 
    select
        c1_0.id,
        c1_0.age,
        c1_0.email,
        c1_0.name 
    from
        customer c1_0
Hibernate: 
    delete 
    from
        customer 
    where
        id=?
Hibernate: 
    select
        c1_0.id 
    from
        customer c1_0 
    where
        c1_0.id=? 
    fetch
        first ? rows only
]]></system-out>
  </testcase>
  <testcase name="existsCustomerByEmailWhenNonPresent" classname="com.ddcsoftware.customer.CustomerRepositoryTest" time="0.017">
    <system-out><![CDATA[Hibernate: 
    select
        c1_0.id,
        c1_0.age,
        c1_0.email,
        c1_0.name 
    from
        customer c1_0
Hibernate: 
    delete 
    from
        customer 
    where
        id=?
Hibernate: 
    select
        c1_0.id 
    from
        customer c1_0 
    where
        c1_0.email=? 
    fetch
        first ? rows only
]]></system-out>
  </testcase>
  <testcase name="existsCustomerByEmail" classname="com.ddcsoftware.customer.CustomerRepositoryTest" time="0.017">
    <system-out><![CDATA[Hibernate: 
    select
        c1_0.id,
        c1_0.age,
        c1_0.email,
        c1_0.name 
    from
        customer c1_0
Hibernate: 
    select
        nextval('customer_id_seq')
Hibernate: 
    insert 
    into
        customer
        (age, email, name, id) 
    values
        (?, ?, ?, ?)
Hibernate: 
    delete 
    from
        customer 
    where
        id=?
Hibernate: 
    select
        c1_0.id 
    from
        customer c1_0 
    where
        c1_0.email=? 
    fetch
        first ? rows only
]]></system-out>
  </testcase>
</testsuite>