<?xml version="1.0" encoding="UTF-8"?>
<testsuite xmlns:xsi="http://www.w3.org/2001/XMLSchema-instance" xsi:noNamespaceSchemaLocation="https://maven.apache.org/surefire/maven-failsafe-plugin/xsd/failsafe-test-report-3.0.xsd" version="3.0" name="com.ddcsoftware.journey.CustomerIntegrationTest" time="3.301" tests="6" errors="0" skipped="0" failures="0">
  <properties>
[...]
</properties>
  <testcase name="canRegisterCustomer" classname="com.ddcsoftware.journey.CustomerIntegrationTest" time="0.648">
    <system-out><![CDATA[19:22:22.201 [main] INFO org.springframework.test.context.support.AnnotationConfigContextLoaderUtils -- Could not detect default configuration classes for test class [com.ddcsoftware.journey.CustomerIntegrationTest]: CustomerIntegrationTest does not declare any static, non-private, non-final, nested classes annotated with @Configuration.
19:22:22.244 [main] INFO org.springframework.boot.test.context.SpringBootTestContextBootstrapper -- Found @SpringBootConfiguration com.ddcsoftware.Main for test class com.ddcsoftware.journey.CustomerIntegrationTest

  .   ____          _            __ _ _
 /\\ / ___'_ __ _ _(_)_ __  __ _ \ \ \ \
( ( )\___ | '_ | '_| | '_ \/ _` | \ \ \ \
 \\/  ___)| |_)| | | | | || (_| |  ) ) ) )
  '  |____| .__|_| |_|_| |_\__, | / / / /
 =========|_|==============|___/=/_/_/_/
 :: Spring Boot ::                (v3.2.0)

2023-12-27T19:22:22.436+01:00  INFO 11760 --- [           main] c.d.journey.CustomerIntegrationTest      : Starting CustomerIntegrationTest using Java 21 with PID 11760 (started by diegodemarco in /Users/diegodemarco/Documents/Portfolio/spring-app)
2023-12-27T19:22:22.437+01:00  INFO 11760 --- [           main] c.d.journey.CustomerIntegrationTest      : No active profile set, falling back to 1 default profile: "default"
2023-12-27T19:22:22.733+01:00  INFO 11760 --- [           main] .s.d.r.c.RepositoryConfigurationDelegate : Multiple Spring Data modules found, entering strict repository configuration mode
2023-12-27T19:22:22.734+01:00  INFO 11760 --- [           main] .s.d.r.c.RepositoryConfigurationDelegate : Bootstrapping Spring Data JDBC repositories in DEFAULT mode.
2023-12-27T19:22:22.751+01:00  INFO 11760 --- [           main] .RepositoryConfigurationExtensionSupport : Spring Data JDBC - Could not safely identify store assignment for repository candidate interface com.ddcsoftware.customer.CustomerRepository; If you want this repository to be a JDBC repository, consider annotating your entities with one of these annotations: org.springframework.data.relational.core.mapping.Table.
2023-12-27T19:22:22.751+01:00  INFO 11760 --- [           main] .s.d.r.c.RepositoryConfigurationDelegate : Finished Spring Data repository scanning in 15 ms. Found 0 JDBC repository interfaces.
2023-12-27T19:22:22.757+01:00  INFO 11760 --- [           main] .s.d.r.c.RepositoryConfigurationDelegate : Multiple Spring Data modules found, entering strict repository configuration mode
2023-12-27T19:22:22.757+01:00  INFO 11760 --- [           main] .s.d.r.c.RepositoryConfigurationDelegate : Bootstrapping Spring Data JPA repositories in DEFAULT mode.
2023-12-27T19:22:22.813+01:00  INFO 11760 --- [           main] .s.d.r.c.RepositoryConfigurationDelegate : Finished Spring Data repository scanning in 53 ms. Found 1 JPA repository interface.
2023-12-27T19:22:23.081+01:00  INFO 11760 --- [           main] o.s.b.w.embedded.tomcat.TomcatWebServer  : Tomcat initialized with port 0 (http)
2023-12-27T19:22:23.086+01:00  INFO 11760 --- [           main] o.apache.catalina.core.StandardService   : Starting service [Tomcat]
2023-12-27T19:22:23.086+01:00  INFO 11760 --- [           main] o.apache.catalina.core.StandardEngine    : Starting Servlet engine: [Apache Tomcat/10.1.16]
2023-12-27T19:22:23.110+01:00  INFO 11760 --- [           main] o.a.c.c.C.[Tomcat].[localhost].[/]       : Initializing Spring embedded WebApplicationContext
2023-12-27T19:22:23.111+01:00  INFO 11760 --- [           main] w.s.c.ServletWebServerApplicationContext : Root WebApplicationContext: initialization completed in 665 ms
2023-12-27T19:22:23.164+01:00  INFO 11760 --- [           main] com.zaxxer.hikari.HikariDataSource       : HikariPool-1 - Starting...
2023-12-27T19:22:23.282+01:00  INFO 11760 --- [           main] com.zaxxer.hikari.pool.HikariPool        : HikariPool-1 - Added connection org.postgresql.jdbc.PgConnection@288728e
2023-12-27T19:22:23.283+01:00  INFO 11760 --- [           main] com.zaxxer.hikari.HikariDataSource       : HikariPool-1 - Start completed.
2023-12-27T19:22:23.317+01:00  INFO 11760 --- [           main] o.f.c.internal.license.VersionPrinter    : Flyway Community Edition 9.22.3 by Redgate
2023-12-27T19:22:23.317+01:00  INFO 11760 --- [           main] o.f.c.internal.license.VersionPrinter    : See release notes here: https://rd.gt/416ObMi
2023-12-27T19:22:23.317+01:00  INFO 11760 --- [           main] o.f.c.internal.license.VersionPrinter    : 
2023-12-27T19:22:23.325+01:00  INFO 11760 --- [           main] org.flywaydb.core.FlywayExecutor         : Database: jdbc:postgresql://localhost:5332/ddc (PostgreSQL 16.0)
2023-12-27T19:22:23.336+01:00  WARN 11760 --- [           main] o.f.c.internal.database.base.Database    : Flyway upgrade recommended: PostgreSQL 16.0 is newer than this version of Flyway and support has not been tested. The latest supported version of PostgreSQL is 15.
2023-12-27T19:22:23.356+01:00  INFO 11760 --- [           main] o.f.core.internal.command.DbValidate     : Successfully validated 2 migrations (execution time 00:00.014s)
2023-12-27T19:22:23.382+01:00  INFO 11760 --- [           main] o.f.core.internal.command.DbMigrate      : Current version of schema "public": 2
2023-12-27T19:22:23.384+01:00  INFO 11760 --- [           main] o.f.core.internal.command.DbMigrate      : Schema "public" is up to date. No migration necessary.
2023-12-27T19:22:23.430+01:00  INFO 11760 --- [           main] o.hibernate.jpa.internal.util.LogHelper  : HHH000204: Processing PersistenceUnitInfo [name: default]
2023-12-27T19:22:23.455+01:00  INFO 11760 --- [           main] org.hibernate.Version                    : HHH000412: Hibernate ORM core version 6.3.1.Final
2023-12-27T19:22:23.472+01:00  INFO 11760 --- [           main] o.h.c.internal.RegionFactoryInitiator    : HHH000026: Second-level cache disabled
2023-12-27T19:22:23.577+01:00  INFO 11760 --- [           main] o.s.o.j.p.SpringPersistenceUnitInfo      : No LoadTimeWeaver setup: ignoring JPA class transformer
2023-12-27T19:22:23.958+01:00  INFO 11760 --- [           main] o.h.e.t.j.p.i.JtaPlatformInitiator       : HHH000489: No JTA platform available (set 'hibernate.transaction.jta.platform' to enable JTA platform integration)
2023-12-27T19:22:23.981+01:00  INFO 11760 --- [           main] j.LocalContainerEntityManagerFactoryBean : Initialized JPA EntityManagerFactory for persistence unit 'default'
2023-12-27T19:22:24.434+01:00  INFO 11760 --- [           main] o.s.b.w.embedded.tomcat.TomcatWebServer  : Tomcat started on port 52866 (http) with context path ''
2023-12-27T19:22:24.439+01:00  INFO 11760 --- [           main] c.d.journey.CustomerIntegrationTest      : Started CustomerIntegrationTest in 2.137 seconds (process running for 2.548)
2023-12-27T19:22:24.956+01:00 ERROR 11760 --- [           main] i.n.r.d.DnsServerAddressStreamProviders  : Unable to load io.netty.resolver.dns.macos.MacOSDnsServerAddressStreamProvider, fallback to system defaults. This may result in incorrect DNS resolutions on MacOS. Check whether you have a dependency on 'io.netty:netty-resolver-dns-native-macos'. Use DEBUG level to see the full stack: java.lang.UnsatisfiedLinkError: failed to load the required native library
2023-12-27T19:22:25.078+01:00  INFO 11760 --- [o-auto-1-exec-1] o.a.c.c.C.[Tomcat].[localhost].[/]       : Initializing Spring DispatcherServlet 'dispatcherServlet'
2023-12-27T19:22:25.078+01:00  INFO 11760 --- [o-auto-1-exec-1] o.s.web.servlet.DispatcherServlet        : Initializing Servlet 'dispatcherServlet'
2023-12-27T19:22:25.079+01:00  INFO 11760 --- [o-auto-1-exec-1] o.s.web.servlet.DispatcherServlet        : Completed initialization in 1 ms
Insert Customer, rowsAffected = 1
]]></system-out>
    <system-err><![CDATA[WARNING: A Java agent has been loaded dynamically (/Users/diegodemarco/.m2/repository/net/bytebuddy/byte-buddy-agent/1.14.10/byte-buddy-agent-1.14.10.jar)
WARNING: If a serviceability tool is in use, please run with -XX:+EnableDynamicAgentLoading to hide this warning
WARNING: If a serviceability tool is not in use, please run with -Djdk.instrument.traceUsage for more information
WARNING: Dynamic loading of agents will be disallowed by default in a future release
]]></system-err>
  </testcase>
  <testcase name="canUpdateCustomerOnlyEmail" classname="com.ddcsoftware.journey.CustomerIntegrationTest" time="0.046">
    <system-out><![CDATA[Insert Customer, rowsAffected = 1
Update Customer, rowsAffected = 1
]]></system-out>
  </testcase>
  <testcase name="canDeleteCustomer" classname="com.ddcsoftware.journey.CustomerIntegrationTest" time="0.053">
    <system-out><![CDATA[Insert Customer, rowsAffected = 1
Delete Customer by Id, rowsAffected = 1
]]></system-out>
  </testcase>
  <testcase name="canUpdateCustomerOnlyNameAndEmail" classname="com.ddcsoftware.journey.CustomerIntegrationTest" time="0.034">
    <system-out><![CDATA[Insert Customer, rowsAffected = 1
Update Customer, rowsAffected = 1
]]></system-out>
  </testcase>
  <testcase name="canUpdateCustomerOnlyName" classname="com.ddcsoftware.journey.CustomerIntegrationTest" time="0.026">
    <system-out><![CDATA[Insert Customer, rowsAffected = 1
Update Customer, rowsAffected = 1
]]></system-out>
  </testcase>
  <testcase name="canUpdateCustomerAllParams" classname="com.ddcsoftware.journey.CustomerIntegrationTest" time="0.032">
    <system-out><![CDATA[Insert Customer, rowsAffected = 1
Update Customer, rowsAffected = 1
]]></system-out>
  </testcase>
</testsuite>